TN:
SF:src\router.ts
FN:30,(anonymous_0)
FN:47,(anonymous_1)
FNF:2
FNH:2
FNDA:4,(anonymous_0)
FNDA:5,(anonymous_1)
DA:1,2
DA:2,2
DA:3,2
DA:4,2
DA:6,2
DA:9,2
DA:10,2
DA:19,2
DA:30,4
DA:36,2
DA:47,5
DA:55,2
DA:64,2
DA:73,2
LF:14
LH:14
BRF:0
BRH:0
end_of_record
TN:
SF:src\server.ts
FN:8,connectDB
FN:28,(anonymous_2)
FNF:2
FNH:2
FNDA:3,connectDB
FNDA:1,(anonymous_2)
DA:2,2
DA:3,2
DA:4,2
DA:5,2
DA:8,2
DA:9,3
DA:10,3
DA:11,2
DA:14,1
DA:17,2
DA:20,2
DA:23,2
DA:26,2
DA:28,2
DA:29,1
DA:32,2
LF:16
LH:16
BRF:0
BRH:0
end_of_record
TN:
SF:src\config\db.ts
FNF:0
FNH:0
DA:1,2
DA:2,2
DA:3,2
DA:5,2
DA:7,2
DA:12,2
LF:6
LH:6
BRF:0
BRH:0
end_of_record
TN:
SF:src\handlers\product.ts
FN:6,(anonymous_1)
FN:20,(anonymous_2)
FN:35,(anonymous_3)
FN:42,(anonymous_4)
FN:62,(anonymous_5)
FN:76,(anonymous_6)
FNF:6
FNH:6
FNDA:2,(anonymous_1)
FNDA:2,(anonymous_2)
FNDA:1,(anonymous_3)
FNDA:3,(anonymous_4)
FNDA:2,(anonymous_5)
FNDA:2,(anonymous_6)
DA:3,2
DA:6,2
DA:8,2
DA:16,2
DA:20,2
DA:21,2
DA:22,2
DA:23,2
DA:25,2
DA:26,1
DA:29,2
DA:31,1
DA:35,2
DA:37,1
DA:38,1
DA:42,2
DA:43,3
DA:44,3
DA:45,3
DA:47,2
DA:48,1
DA:52,2
DA:53,1
DA:55,1
DA:58,2
DA:62,2
DA:63,2
DA:64,2
DA:66,2
DA:67,1
DA:70,2
DA:71,1
DA:73,1
DA:76,2
DA:77,2
DA:78,2
DA:79,2
DA:81,2
DA:82,1
DA:86,2
DA:87,1
DA:90,1
LF:42
LH:42
BRDA:25,0,0,1
BRDA:47,1,0,1
BRDA:66,2,0,1
BRDA:81,3,0,1
BRF:4
BRH:4
end_of_record
TN:
SF:src\middleware\index.ts
FN:4,(anonymous_0)
FNF:1
FNH:1
FNDA:17,(anonymous_0)
DA:2,2
DA:4,2
DA:5,17
DA:6,17
DA:7,7
DA:9,10
LF:6
LH:6
BRDA:6,0,0,7
BRDA:6,0,1,10
BRF:2
BRH:2
end_of_record
TN:
SF:src\models\Product.model.ts
FNF:0
FNH:0
DA:1,3
DA:8,3
DA:12,3
DA:17,3
DA:23,3
DA:26,3
LF:6
LH:6
BRF:0
BRH:0
end_of_record
