{"C:\\Users\\alfaw\\OneDrive\\Escritorio\\Prueba\\Protectos-React-17-70\\Secc_20 Proyecto full stack react con PERN\\rest_api_node_ts_server\\src\\router.ts": {"path":"C:\\Users\\alfaw\\OneDrive\\Escritorio\\Prueba\\Protectos-React-17-70\\Secc_20 Proyecto full stack react con PERN\\rest_api_node_ts_server\\src\\router.ts","statementMap":{"0":{"start":{"line":1,"column":0},"end":{"line":1,"column":32}},"1":{"start":{"line":2,"column":0},"end":{"line":2,"column":47}},"2":{"start":{"line":3,"column":0},"end":{"line":3,"column":129}},"3":{"start":{"line":4,"column":0},"end":{"line":4,"column":48}},"4":{"start":{"line":6,"column":15},"end":{"line":6,"column":23}},"5":{"start":{"line":9,"column":0},"end":{"line":9,"column":null}},"6":{"start":{"line":10,"column":0},"end":{"line":17,"column":null}},"7":{"start":{"line":19,"column":0},"end":{"line":34,"column":null}},"8":{"start":{"line":30,"column":27},"end":{"line":30,"column":36}},"9":{"start":{"line":36,"column":0},"end":{"line":53,"column":null}},"10":{"start":{"line":47,"column":27},"end":{"line":47,"column":36}},"11":{"start":{"line":55,"column":0},"end":{"line":62,"column":null}},"12":{"start":{"line":64,"column":0},"end":{"line":70,"column":null}},"13":{"start":{"line":73,"column":0},"end":{"line":73,"column":null}}},"fnMap":{"0":{"name":"(anonymous_0)","decl":{"start":{"line":30,"column":16},"end":{"line":30,"column":17}},"loc":{"start":{"line":30,"column":27},"end":{"line":30,"column":36}}},"1":{"name":"(anonymous_1)","decl":{"start":{"line":47,"column":16},"end":{"line":47,"column":17}},"loc":{"start":{"line":47,"column":27},"end":{"line":47,"column":36}}}},"branchMap":{},"s":{"0":2,"1":2,"2":2,"3":2,"4":2,"5":2,"6":2,"7":2,"8":4,"9":2,"10":5,"11":2,"12":2,"13":2},"f":{"0":4,"1":5},"b":{}}
,"C:\\Users\\alfaw\\OneDrive\\Escritorio\\Prueba\\Protectos-React-17-70\\Secc_20 Proyecto full stack react con PERN\\rest_api_node_ts_server\\src\\server.ts": {"path":"C:\\Users\\alfaw\\OneDrive\\Escritorio\\Prueba\\Protectos-React-17-70\\Secc_20 Proyecto full stack react con PERN\\rest_api_node_ts_server\\src\\server.ts","statementMap":{"0":{"start":{"line":8,"column":0},"end":{"line":8,"column":7}},"1":{"start":{"line":2,"column":0},"end":{"line":2,"column":29}},"2":{"start":{"line":3,"column":0},"end":{"line":3,"column":27}},"3":{"start":{"line":4,"column":0},"end":{"line":4,"column":29}},"4":{"start":{"line":5,"column":0},"end":{"line":5,"column":28}},"5":{"start":{"line":9,"column":4},"end":{"line":15,"column":5}},"6":{"start":{"line":10,"column":8},"end":{"line":10,"column":null}},"7":{"start":{"line":11,"column":8},"end":{"line":11,"column":null}},"8":{"start":{"line":14,"column":8},"end":{"line":14,"column":null}},"9":{"start":{"line":17,"column":0},"end":{"line":17,"column":null}},"10":{"start":{"line":20,"column":15},"end":{"line":20,"column":24}},"11":{"start":{"line":23,"column":0},"end":{"line":23,"column":null}},"12":{"start":{"line":26,"column":0},"end":{"line":26,"column":null}},"13":{"start":{"line":28,"column":0},"end":{"line":30,"column":null}},"14":{"start":{"line":29,"column":4},"end":{"line":29,"column":null}},"15":{"start":{"line":32,"column":0},"end":{"line":32,"column":null}}},"fnMap":{"0":{"name":"connectDB","decl":{"start":{"line":8,"column":22},"end":{"line":8,"column":31}},"loc":{"start":{"line":8,"column":31},"end":{"line":16,"column":1}}},"1":{"name":"(anonymous_2)","decl":{"start":{"line":28,"column":19},"end":{"line":28,"column":20}},"loc":{"start":{"line":28,"column":32},"end":{"line":30,"column":1}}}},"branchMap":{},"s":{"0":2,"1":2,"2":2,"3":2,"4":2,"5":3,"6":3,"7":2,"8":1,"9":2,"10":2,"11":2,"12":2,"13":2,"14":1,"15":2},"f":{"0":3,"1":1},"b":{}}
,"C:\\Users\\alfaw\\OneDrive\\Escritorio\\Prueba\\Protectos-React-17-70\\Secc_20 Proyecto full stack react con PERN\\rest_api_node_ts_server\\src\\config\\db.ts": {"path":"C:\\Users\\alfaw\\OneDrive\\Escritorio\\Prueba\\Protectos-React-17-70\\Secc_20 Proyecto full stack react con PERN\\rest_api_node_ts_server\\src\\config\\db.ts","statementMap":{"0":{"start":{"line":1,"column":0},"end":{"line":1,"column":49}},"1":{"start":{"line":2,"column":0},"end":{"line":2,"column":28}},"2":{"start":{"line":3,"column":0},"end":{"line":3,"column":null}},"3":{"start":{"line":5,"column":0},"end":{"line":5,"column":null}},"4":{"start":{"line":7,"column":11},"end":{"line":10,"column":2}},"5":{"start":{"line":12,"column":0},"end":{"line":12,"column":null}}},"fnMap":{},"branchMap":{},"s":{"0":2,"1":2,"2":2,"3":2,"4":2,"5":2},"f":{},"b":{}}
,"C:\\Users\\alfaw\\OneDrive\\Escritorio\\Prueba\\Protectos-React-17-70\\Secc_20 Proyecto full stack react con PERN\\rest_api_node_ts_server\\src\\handlers\\product.ts": {"path":"C:\\Users\\alfaw\\OneDrive\\Escritorio\\Prueba\\Protectos-React-17-70\\Secc_20 Proyecto full stack react con PERN\\rest_api_node_ts_server\\src\\handlers\\product.ts","statementMap":{"0":{"start":{"line":3,"column":0},"end":{"line":3,"column":46}},"1":{"start":{"line":6,"column":27},"end":{"line":18,"column":1}},"2":{"start":{"line":8,"column":25},"end":{"line":15,"column":10}},"3":{"start":{"line":16,"column":8},"end":{"line":16,"column":null}},"4":{"start":{"line":6,"column":13},"end":{"line":6,"column":27}},"5":{"start":{"line":20,"column":30},"end":{"line":33,"column":1}},"6":{"start":{"line":21,"column":4},"end":{"line":32,"column":5}},"7":{"start":{"line":22,"column":23},"end":{"line":22,"column":33}},"8":{"start":{"line":23,"column":24},"end":{"line":23,"column":50}},"9":{"start":{"line":25,"column":8},"end":{"line":27,"column":9}},"10":{"start":{"line":26,"column":12},"end":{"line":26,"column":null}},"11":{"start":{"line":29,"column":8},"end":{"line":29,"column":null}},"12":{"start":{"line":31,"column":8},"end":{"line":31,"column":null}},"13":{"start":{"line":20,"column":13},"end":{"line":20,"column":30}},"14":{"start":{"line":35,"column":29},"end":{"line":40,"column":1}},"15":{"start":{"line":37,"column":24},"end":{"line":37,"column":54}},"16":{"start":{"line":38,"column":8},"end":{"line":38,"column":null}},"17":{"start":{"line":35,"column":13},"end":{"line":35,"column":29}},"18":{"start":{"line":42,"column":29},"end":{"line":60,"column":1}},"19":{"start":{"line":43,"column":4},"end":{"line":59,"column":5}},"20":{"start":{"line":44,"column":23},"end":{"line":44,"column":33}},"21":{"start":{"line":45,"column":24},"end":{"line":45,"column":50}},"22":{"start":{"line":47,"column":8},"end":{"line":49,"column":9}},"23":{"start":{"line":48,"column":12},"end":{"line":48,"column":null}},"24":{"start":{"line":52,"column":8},"end":{"line":52,"column":null}},"25":{"start":{"line":53,"column":8},"end":{"line":53,"column":null}},"26":{"start":{"line":55,"column":8},"end":{"line":55,"column":null}},"27":{"start":{"line":58,"column":8},"end":{"line":58,"column":null}},"28":{"start":{"line":42,"column":13},"end":{"line":42,"column":29}},"29":{"start":{"line":62,"column":34},"end":{"line":74,"column":1}},"30":{"start":{"line":63,"column":23},"end":{"line":63,"column":33}},"31":{"start":{"line":64,"column":24},"end":{"line":64,"column":50}},"32":{"start":{"line":66,"column":8},"end":{"line":68,"column":9}},"33":{"start":{"line":67,"column":12},"end":{"line":67,"column":null}},"34":{"start":{"line":70,"column":8},"end":{"line":70,"column":null}},"35":{"start":{"line":71,"column":8},"end":{"line":71,"column":null}},"36":{"start":{"line":73,"column":8},"end":{"line":73,"column":null}},"37":{"start":{"line":62,"column":13},"end":{"line":62,"column":34}},"38":{"start":{"line":76,"column":29},"end":{"line":92,"column":1}},"39":{"start":{"line":77,"column":4},"end":{"line":91,"column":5}},"40":{"start":{"line":78,"column":23},"end":{"line":78,"column":33}},"41":{"start":{"line":79,"column":24},"end":{"line":79,"column":50}},"42":{"start":{"line":81,"column":8},"end":{"line":83,"column":9}},"43":{"start":{"line":82,"column":12},"end":{"line":82,"column":null}},"44":{"start":{"line":86,"column":8},"end":{"line":86,"column":null}},"45":{"start":{"line":87,"column":8},"end":{"line":87,"column":null}},"46":{"start":{"line":90,"column":8},"end":{"line":90,"column":null}},"47":{"start":{"line":76,"column":13},"end":{"line":76,"column":29}}},"fnMap":{"0":{"name":"(anonymous_1)","decl":{"start":{"line":6,"column":27},"end":{"line":6,"column":32}},"loc":{"start":{"line":6,"column":65},"end":{"line":18,"column":1}}},"1":{"name":"(anonymous_2)","decl":{"start":{"line":20,"column":30},"end":{"line":20,"column":35}},"loc":{"start":{"line":20,"column":68},"end":{"line":33,"column":1}}},"2":{"name":"(anonymous_3)","decl":{"start":{"line":35,"column":29},"end":{"line":35,"column":34}},"loc":{"start":{"line":35,"column":67},"end":{"line":40,"column":1}}},"3":{"name":"(anonymous_4)","decl":{"start":{"line":42,"column":29},"end":{"line":42,"column":34}},"loc":{"start":{"line":42,"column":67},"end":{"line":60,"column":1}}},"4":{"name":"(anonymous_5)","decl":{"start":{"line":62,"column":34},"end":{"line":62,"column":39}},"loc":{"start":{"line":62,"column":72},"end":{"line":74,"column":1}}},"5":{"name":"(anonymous_6)","decl":{"start":{"line":76,"column":29},"end":{"line":76,"column":34}},"loc":{"start":{"line":76,"column":67},"end":{"line":92,"column":1}}}},"branchMap":{"0":{"loc":{"start":{"line":25,"column":8},"end":{"line":27,"column":9}},"type":"if","locations":[{"start":{"line":25,"column":8},"end":{"line":27,"column":9}}]},"1":{"loc":{"start":{"line":47,"column":8},"end":{"line":49,"column":9}},"type":"if","locations":[{"start":{"line":47,"column":8},"end":{"line":49,"column":9}}]},"2":{"loc":{"start":{"line":66,"column":8},"end":{"line":68,"column":9}},"type":"if","locations":[{"start":{"line":66,"column":8},"end":{"line":68,"column":9}}]},"3":{"loc":{"start":{"line":81,"column":8},"end":{"line":83,"column":9}},"type":"if","locations":[{"start":{"line":81,"column":8},"end":{"line":83,"column":9}}]}},"s":{"0":2,"1":2,"2":2,"3":2,"4":2,"5":2,"6":2,"7":2,"8":2,"9":2,"10":1,"11":2,"12":1,"13":2,"14":2,"15":1,"16":1,"17":2,"18":2,"19":3,"20":3,"21":3,"22":2,"23":1,"24":2,"25":1,"26":1,"27":2,"28":2,"29":2,"30":2,"31":2,"32":2,"33":1,"34":2,"35":1,"36":1,"37":2,"38":2,"39":2,"40":2,"41":2,"42":2,"43":1,"44":2,"45":1,"46":1,"47":2},"f":{"0":2,"1":2,"2":1,"3":3,"4":2,"5":2},"b":{"0":[1],"1":[1],"2":[1],"3":[1]}}
,"C:\\Users\\alfaw\\OneDrive\\Escritorio\\Prueba\\Protectos-React-17-70\\Secc_20 Proyecto full stack react con PERN\\rest_api_node_ts_server\\src\\middleware\\index.ts": {"path":"C:\\Users\\alfaw\\OneDrive\\Escritorio\\Prueba\\Protectos-React-17-70\\Secc_20 Proyecto full stack react con PERN\\rest_api_node_ts_server\\src\\middleware\\index.ts","statementMap":{"0":{"start":{"line":2,"column":0},"end":{"line":2,"column":52}},"1":{"start":{"line":4,"column":33},"end":{"line":11,"column":1}},"2":{"start":{"line":5,"column":19},"end":{"line":5,"column":40}},"3":{"start":{"line":6,"column":4},"end":{"line":10,"column":5}},"4":{"start":{"line":7,"column":8},"end":{"line":7,"column":null}},"5":{"start":{"line":9,"column":8},"end":{"line":9,"column":null}},"6":{"start":{"line":4,"column":13},"end":{"line":4,"column":33}}},"fnMap":{"0":{"name":"(anonymous_0)","decl":{"start":{"line":4,"column":33},"end":{"line":4,"column":34}},"loc":{"start":{"line":4,"column":85},"end":{"line":11,"column":1}}}},"branchMap":{"0":{"loc":{"start":{"line":6,"column":4},"end":{"line":10,"column":5}},"type":"if","locations":[{"start":{"line":6,"column":4},"end":{"line":10,"column":5}},{"start":{"line":8,"column":11},"end":{"line":10,"column":5}}]}},"s":{"0":2,"1":2,"2":17,"3":17,"4":7,"5":10,"6":2},"f":{"0":17},"b":{"0":[7,10]}}
,"C:\\Users\\alfaw\\OneDrive\\Escritorio\\Prueba\\Protectos-React-17-70\\Secc_20 Proyecto full stack react con PERN\\rest_api_node_ts_server\\src\\models\\Product.model.ts": {"path":"C:\\Users\\alfaw\\OneDrive\\Escritorio\\Prueba\\Protectos-React-17-70\\Secc_20 Proyecto full stack react con PERN\\rest_api_node_ts_server\\src\\models\\Product.model.ts","statementMap":{"0":{"start":{"line":1,"column":0},"end":{"line":1,"column":77}},"1":{"start":{"line":8,"column":0},"end":{"line":24,"column":null}},"2":{"start":{"line":12,"column":11},"end":{"line":12,"column":null}},"3":{"start":{"line":17,"column":11},"end":{"line":17,"column":null}},"4":{"start":{"line":23,"column":11},"end":{"line":23,"column":null}},"5":{"start":{"line":8,"column":6},"end":{"line":24,"column":null}},"6":{"start":{"line":26,"column":0},"end":{"line":26,"column":null}}},"fnMap":{},"branchMap":{},"s":{"0":3,"1":3,"2":3,"3":3,"4":3,"5":3,"6":3},"f":{},"b":{}}
}
